<?xml version="1.0" encoding="UTF-8"?>
<testsuite name="com.quickbase.devint.dao.impl.DBManagerImplIntegrationTest" tests="2" skipped="0" failures="0" errors="0" timestamp="2022-02-12T20:37:11" hostname="ALEJANDROE-L540" time="0.097">
  <properties/>
  <testcase name="listPopulationByCountryUSAPopulationIsCorrectTest()" classname="com.quickbase.devint.dao.impl.DBManagerImplIntegrationTest" time="0.047"/>
  <testcase name="listPopulationByCountrySizeIsCorrectTest()" classname="com.quickbase.devint.dao.impl.DBManagerImplIntegrationTest" time="0.048"/>
  <system-out><![CDATA[2022-02-12 22:37:10.588  INFO 37672 --- [    Test worker] .b.t.c.SpringBootTestContextBootstrapper : Neither @ContextConfiguration nor @ContextHierarchy found for test class [com.quickbase.devint.dao.impl.DBManagerImplIntegrationTest], using SpringBootContextLoader
2022-02-12 22:37:10.588  INFO 37672 --- [    Test worker] o.s.t.c.support.AbstractContextLoader    : Could not detect default resource locations for test class [com.quickbase.devint.dao.impl.DBManagerImplIntegrationTest]: no resource found for suffixes {-context.xml, Context.groovy}.
2022-02-12 22:37:10.589  INFO 37672 --- [    Test worker] t.c.s.AnnotationConfigContextLoaderUtils : Could not detect default configuration classes for test class [com.quickbase.devint.dao.impl.DBManagerImplIntegrationTest]: DBManagerImplIntegrationTest does not declare any static, non-private, non-final, nested classes annotated with @Configuration.
2022-02-12 22:37:10.597  INFO 37672 --- [    Test worker] .b.t.c.SpringBootTestContextBootstrapper : Found @SpringBootConfiguration com.quickbase.Main for test class com.quickbase.devint.dao.impl.DBManagerImplIntegrationTest
2022-02-12 22:37:10.600  INFO 37672 --- [    Test worker] .b.t.c.SpringBootTestContextBootstrapper : Loaded default TestExecutionListener class names from location [META-INF/spring.factories]: [org.springframework.boot.test.autoconfigure.restdocs.RestDocsTestExecutionListener, org.springframework.boot.test.autoconfigure.web.client.MockRestServiceServerResetTestExecutionListener, org.springframework.boot.test.autoconfigure.web.servlet.MockMvcPrintOnlyOnFailureTestExecutionListener, org.springframework.boot.test.autoconfigure.web.servlet.WebDriverTestExecutionListener, org.springframework.boot.test.autoconfigure.webservices.client.MockWebServiceServerTestExecutionListener, org.springframework.boot.test.mock.mockito.MockitoTestExecutionListener, org.springframework.boot.test.mock.mockito.ResetMocksTestExecutionListener, org.springframework.test.context.web.ServletTestExecutionListener, org.springframework.test.context.support.DirtiesContextBeforeModesTestExecutionListener, org.springframework.test.context.event.ApplicationEventsTestExecutionListener, org.springframework.test.context.support.DependencyInjectionTestExecutionListener, org.springframework.test.context.support.DirtiesContextTestExecutionListener, org.springframework.test.context.transaction.TransactionalTestExecutionListener, org.springframework.test.context.jdbc.SqlScriptsTestExecutionListener, org.springframework.test.context.event.EventPublishingTestExecutionListener]
2022-02-12 22:37:10.603  INFO 37672 --- [    Test worker] .b.t.c.SpringBootTestContextBootstrapper : Using TestExecutionListeners: [org.springframework.test.context.web.ServletTestExecutionListener@70cedb78, org.springframework.test.context.support.DirtiesContextBeforeModesTestExecutionListener@777c4ac7, org.springframework.test.context.event.ApplicationEventsTestExecutionListener@64d2e1, org.springframework.boot.test.mock.mockito.MockitoTestExecutionListener@3a4ccdf1, org.springframework.boot.test.autoconfigure.SpringBootDependencyInjectionTestExecutionListener@3cdfd4db, org.springframework.test.context.support.DirtiesContextTestExecutionListener@29608bf5, org.springframework.test.context.event.EventPublishingTestExecutionListener@f35b7e2, org.springframework.boot.test.autoconfigure.restdocs.RestDocsTestExecutionListener@53cad0b0, org.springframework.boot.test.autoconfigure.web.client.MockRestServiceServerResetTestExecutionListener@1171bf1e, org.springframework.boot.test.autoconfigure.web.servlet.MockMvcPrintOnlyOnFailureTestExecutionListener@3ce3a1e6, org.springframework.boot.test.autoconfigure.web.servlet.WebDriverTestExecutionListener@1ecb9b3f, org.springframework.boot.test.autoconfigure.webservices.client.MockWebServiceServerTestExecutionListener@1b018706, org.springframework.boot.test.mock.mockito.ResetMocksTestExecutionListener@7145237]

  .   ____          _            __ _ _
 /\\ / ___'_ __ _ _(_)_ __  __ _ \ \ \ \
( ( )\___ | '_ | '_| | '_ \/ _` | \ \ \ \
 \\/  ___)| |_)| | | | | || (_| |  ) ) ) )
  '  |____| .__|_| |_|_| |_\__, | / / / /
 =========|_|==============|___/=/_/_/_/
 :: Spring Boot ::                (v2.6.3)

2022-02-12 22:37:10.642  INFO 37672 --- [    Test worker] c.q.d.d.i.DBManagerImplIntegrationTest   : Starting DBManagerImplIntegrationTest using Java 1.8.0_322 on AlejandroE-L540 with PID 37672 (started by alejandro.exposito in C:\aleco\qb\projects\backend)
2022-02-12 22:37:10.642  INFO 37672 --- [    Test worker] c.q.d.d.i.DBManagerImplIntegrationTest   : No active profile set, falling back to default profiles: default
2022-02-12 22:37:11.444  INFO 37672 --- [    Test worker] c.q.d.d.i.DBManagerImplIntegrationTest   : Started DBManagerImplIntegrationTest in 0.839 seconds (JVM running for 5.969)
2022-02-12 22:37:11.452  INFO 37672 --- [    Test worker] c.q.devint.dao.impl.DBManagerImpl        : Started listPopulationByCountry
Opened database successfully
2022-02-12 22:37:11.487  INFO 37672 --- [    Test worker] c.q.devint.dao.impl.DBManagerImpl        : Finished listPopulationByCountry
2022-02-12 22:37:11.500  INFO 37672 --- [    Test worker] c.q.devint.dao.impl.DBManagerImpl        : Started listPopulationByCountry
Opened database successfully
2022-02-12 22:37:11.543  INFO 37672 --- [    Test worker] c.q.devint.dao.impl.DBManagerImpl        : Finished listPopulationByCountry
]]></system-out>
  <system-err><![CDATA[]]></system-err>
</testsuite>
